Desktop/BusinessWW/app/build/intermediates/manifest_merge_blame_file/debug/manifest-merger-blame-debug-report.txt
1<?xml version="1.0" encoding="utf-8"?>
2<manifest xmlns:android="http://schemas.android.com/apk/res/android"
3    package="com.updownteam.businessww"
4    android:versionCode="1"
5    android:versionName="1.0" >
6
7    <uses-sdk
8        android:minSdkVersion="16"
8-->src\main\AndroidManifest.xml
9        android:targetSdkVersion="28" />
9-->src\main\AndroidManifest.xml
10
11    <uses-permission android:name="android.permission.ACCESS_FINE_LOCATION" />
11-->src\main\AndroidManifest.xml:5:5-79
11-->src\main\AndroidManifest.xml:5:22-76
12    <uses-permission android:name="android.permission.ACCESS_COARSE_LOCATION" />
12-->src\main\AndroidManifest.xml:6:5-81
12-->src\main\AndroidManifest.xml:6:22-78
13    <uses-permission android:name="android.permission.INTERNET" />
13-->src\main\AndroidManifest.xml:7:5-67
13-->src\main\AndroidManifest.xml:7:22-64
14    <uses-permission android:name="android.permission.CALL_PHONE" />
14-->src\main\AndroidManifest.xml:8:5-69
14-->src\main\AndroidManifest.xml:8:22-66
15    <uses-permission android:name="android.permission.ACCESS_NETWORK_STATE" />
15-->src\main\AndroidManifest.xml:9:5-79
15-->src\main\AndroidManifest.xml:9:22-76
16    <uses-permission android:name="android.permission.INTERNET" />
16-->src\main\AndroidManifest.xml:7:5-67
16-->src\main\AndroidManifest.xml:7:22-64
17    <uses-permission android:name="android.permission.ACCESS_WIFI_STATE" />
17-->src\main\AndroidManifest.xml:11:5-76
17-->src\main\AndroidManifest.xml:11:22-73
18    <uses-permission android:name="android.permission.WAKE_LOCK" />
18-->[com.google.android.gms:play-services-measurement:17.1.0] AndroidManifest.xml:25:5-68
18-->[com.google.android.gms:play-services-measurement:17.1.0] AndroidManifest.xml:25:22-65
19    <uses-permission android:name="com.google.android.finsky.permission.BIND_GET_INSTALL_REFERRER_SERVICE" />
19-->[com.google.android.gms:play-services-measurement:17.1.0] AndroidManifest.xml:26:5-110
19-->[com.google.android.gms:play-services-measurement:17.1.0] AndroidManifest.xml:26:22-107
20
21    <uses-feature
21-->[com.google.android.gms:play-services-maps:17.0.0] AndroidManifest.xml:26:5-28:35
22        android:glEsVersion="0x00020000"
22-->[com.google.android.gms:play-services-maps:17.0.0] AndroidManifest.xml:27:9-41
23        android:required="true" /> <!-- Required by older versions of Google Play services to create IID tokens -->
23-->[com.google.android.gms:play-services-maps:17.0.0] AndroidManifest.xml:28:9-32
24    <uses-permission android:name="com.google.android.c2dm.permission.RECEIVE" />
24-->[com.google.firebase:firebase-iid:19.0.0] AndroidManifest.xml:26:5-82
24-->[com.google.firebase:firebase-iid:19.0.0] AndroidManifest.xml:26:22-79
25
26    <application
26-->src\main\AndroidManifest.xml:13:5-79:19
27        android:name="androidx.multidex.MultiDexApplication"
28        android:allowBackup="true"
28-->src\main\AndroidManifest.xml:14:9-35
29        android:appComponentFactory="androidx.core.app.CoreComponentFactory"
29-->[androidx.core:core:1.1.0] AndroidManifest.xml:24:18-86
30        android:debuggable="true"
31        android:icon="@drawable/loqo"
31-->src\main\AndroidManifest.xml:15:9-38
32        android:label="@string/app_name"
32-->src\main\AndroidManifest.xml:16:9-41
33        android:roundIcon="@drawable/loqo"
33-->src\main\AndroidManifest.xml:17:9-43
34        android:supportsRtl="true"
34-->src\main\AndroidManifest.xml:18:9-35
35        android:testOnly="true"
36        android:theme="@style/AppTheme" >
36-->src\main\AndroidManifest.xml:19:9-40
37        <activity android:name="com.updownteam.businessww.Investor_info" />
37-->src\main\AndroidManifest.xml:20:9-60
37-->src\main\AndroidManifest.xml:20:19-48
38        <activity android:name="com.updownteam.businessww.Producer_info" />
38-->src\main\AndroidManifest.xml:21:9-51
38-->src\main\AndroidManifest.xml:21:19-48
39
40        <meta-data
40-->src\main\AndroidManifest.xml:23:9-25:36
41            android:name="com.google.android.gms.ads.AD_MANAGER_APP"
41-->src\main\AndroidManifest.xml:24:13-69
42            android:value="true" />
42-->src\main\AndroidManifest.xml:25:13-33
43
44        <activity android:name="com.updownteam.businessww.Answer_setting" />
44-->src\main\AndroidManifest.xml:27:9-52
44-->src\main\AndroidManifest.xml:27:19-49
45        <activity android:name="com.updownteam.businessww.Question_settings" />
45-->src\main\AndroidManifest.xml:28:9-55
45-->src\main\AndroidManifest.xml:28:19-52
46        <activity android:name="com.updownteam.businessww.InvestorRequest_settings" />
46-->src\main\AndroidManifest.xml:29:9-62
46-->src\main\AndroidManifest.xml:29:19-59
47        <activity android:name="com.updownteam.businessww.ProducerRequest_settings" />
47-->src\main\AndroidManifest.xml:30:9-62
47-->src\main\AndroidManifest.xml:30:19-59
48        <activity android:name="com.updownteam.businessww.FriendRequest_settings" />
48-->src\main\AndroidManifest.xml:31:9-60
48-->src\main\AndroidManifest.xml:31:19-57
49        <activity android:name="com.updownteam.businessww.AboutUs_settings" />
49-->src\main\AndroidManifest.xml:32:9-54
49-->src\main\AndroidManifest.xml:32:19-51
50        <activity android:name="com.updownteam.businessww.Profil_settings" />
50-->src\main\AndroidManifest.xml:33:9-53
50-->src\main\AndroidManifest.xml:33:19-50
51        <activity android:name="com.updownteam.businessww.Producer_settings" />
51-->src\main\AndroidManifest.xml:34:9-55
51-->src\main\AndroidManifest.xml:34:19-52
52        <activity android:name="com.updownteam.businessww.Investor_settings" />
52-->src\main\AndroidManifest.xml:35:9-55
52-->src\main\AndroidManifest.xml:35:19-52
53        <activity android:name="com.updownteam.businessww.Friend_setting" />
53-->src\main\AndroidManifest.xml:36:9-52
53-->src\main\AndroidManifest.xml:36:19-49
54        <activity android:name="com.updownteam.businessww.AskAndAnswer_3" />
54-->src\main\AndroidManifest.xml:37:9-52
54-->src\main\AndroidManifest.xml:37:19-49
55        <activity android:name="com.updownteam.businessww.CreateQuestion_2" />
55-->src\main\AndroidManifest.xml:38:9-54
55-->src\main\AndroidManifest.xml:38:19-51
56        <activity android:name="com.updownteam.businessww.CreateQuestion_1" />
56-->src\main\AndroidManifest.xml:39:9-54
56-->src\main\AndroidManifest.xml:39:19-51
57        <activity android:name="com.updownteam.businessww.AskAndAnswer_2" />
57-->src\main\AndroidManifest.xml:40:9-52
57-->src\main\AndroidManifest.xml:40:19-49
58        <activity android:name="com.updownteam.businessww.AskAndAnswer_1" />
58-->src\main\AndroidManifest.xml:41:9-52
58-->src\main\AndroidManifest.xml:41:19-49
59        <activity android:name="com.updownteam.businessww.producerfindersearch_2" />
59-->src\main\AndroidManifest.xml:42:9-60
59-->src\main\AndroidManifest.xml:42:19-57
60        <activity android:name="com.updownteam.businessww.producerfindersearch1" />
60-->src\main\AndroidManifest.xml:43:9-59
60-->src\main\AndroidManifest.xml:43:19-56
61        <activity android:name="com.updownteam.businessww.Product_8_1" />
61-->src\main\AndroidManifest.xml:44:9-49
61-->src\main\AndroidManifest.xml:44:19-46
62        <activity android:name="com.updownteam.businessww.Producer_9" />
62-->src\main\AndroidManifest.xml:45:9-48
62-->src\main\AndroidManifest.xml:45:19-45
63        <activity android:name="com.updownteam.businessww.Producer_8" />
63-->src\main\AndroidManifest.xml:46:9-48
63-->src\main\AndroidManifest.xml:46:19-45
64        <activity android:name="com.updownteam.businessww.Producer_7" />
64-->src\main\AndroidManifest.xml:47:9-48
64-->src\main\AndroidManifest.xml:47:19-45
65        <activity android:name="com.updownteam.businessww.Producer_6" />
65-->src\main\AndroidManifest.xml:48:9-48
65-->src\main\AndroidManifest.xml:48:19-45
66        <activity android:name="com.updownteam.businessww.Producer_5" />
66-->src\main\AndroidManifest.xml:49:9-48
66-->src\main\AndroidManifest.xml:49:19-45
67        <activity android:name="com.updownteam.businessww.investorfindersearch2" />
67-->src\main\AndroidManifest.xml:50:9-59
67-->src\main\AndroidManifest.xml:50:19-56
68        <activity android:name="com.updownteam.businessww.investorfindersearch1" />
68-->src\main\AndroidManifest.xml:51:9-59
68-->src\main\AndroidManifest.xml:51:19-56
69        <activity android:name="com.updownteam.businessww.InvestorMain2" />
69-->src\main\AndroidManifest.xml:52:9-51
69-->src\main\AndroidManifest.xml:52:19-48
70        <activity android:name="com.updownteam.businessww.Investor_6" />
70-->src\main\AndroidManifest.xml:53:9-48
70-->src\main\AndroidManifest.xml:53:19-45
71        <activity android:name="com.updownteam.businessww.Investor_5" />
71-->src\main\AndroidManifest.xml:54:9-48
71-->src\main\AndroidManifest.xml:54:19-45
72        <activity android:name="com.updownteam.businessww.InvestorMain" />
72-->src\main\AndroidManifest.xml:55:9-50
72-->src\main\AndroidManifest.xml:55:19-47
73        <activity android:name="com.updownteam.businessww.Investor_4" />
73-->src\main\AndroidManifest.xml:56:9-48
73-->src\main\AndroidManifest.xml:56:19-45
74        <activity android:name="com.updownteam.businessww.Producer_4" />
74-->src\main\AndroidManifest.xml:57:9-48
74-->src\main\AndroidManifest.xml:57:19-45
75        <activity android:name="com.updownteam.businessww.Producer_3" />
75-->src\main\AndroidManifest.xml:58:9-48
75-->src\main\AndroidManifest.xml:58:19-45
76        <activity android:name="com.updownteam.businessww.Investor_3" />
76-->src\main\AndroidManifest.xml:59:9-48
76-->src\main\AndroidManifest.xml:59:19-45
77        <activity android:name="com.updownteam.businessww.Producer_2" />
77-->src\main\AndroidManifest.xml:60:9-48
77-->src\main\AndroidManifest.xml:60:19-45
78        <activity android:name="com.updownteam.businessww.Investors_2" />
78-->src\main\AndroidManifest.xml:61:9-49
78-->src\main\AndroidManifest.xml:61:19-46
79        <activity android:name="com.updownteam.businessww.Producer_1" />
79-->src\main\AndroidManifest.xml:62:9-48
79-->src\main\AndroidManifest.xml:62:19-45
80        <activity android:name="com.updownteam.businessww.Investor_1" />
80-->src\main\AndroidManifest.xml:63:9-48
80-->src\main\AndroidManifest.xml:63:19-45
81        <activity android:name="com.updownteam.businessww.InvestorFinder1" />
81-->src\main\AndroidManifest.xml:64:9-53
81-->src\main\AndroidManifest.xml:64:19-50
82        <activity android:name="com.updownteam.businessww.FriendRequest" />
82-->src\main\AndroidManifest.xml:65:9-51
82-->src\main\AndroidManifest.xml:65:19-48
83        <activity android:name="com.updownteam.businessww.Settings" />
83-->src\main\AndroidManifest.xml:66:9-46
83-->src\main\AndroidManifest.xml:66:19-43
84        <activity android:name="com.updownteam.businessww.ProfilGuest" />
84-->src\main\AndroidManifest.xml:67:9-49
84-->src\main\AndroidManifest.xml:67:19-46
85        <activity android:name="com.updownteam.businessww.SocialMedia1Search" />
85-->src\main\AndroidManifest.xml:68:9-56
85-->src\main\AndroidManifest.xml:68:19-53
86        <activity android:name="com.updownteam.businessww.Register" />
86-->src\main\AndroidManifest.xml:69:9-46
86-->src\main\AndroidManifest.xml:69:19-43
87        <activity android:name="com.updownteam.businessww.SocialMedia1" />
87-->src\main\AndroidManifest.xml:70:9-50
87-->src\main\AndroidManifest.xml:70:19-47
88        <activity android:name="com.updownteam.businessww.LogIn" />
88-->src\main\AndroidManifest.xml:71:9-43
88-->src\main\AndroidManifest.xml:71:19-40
89        <activity android:name="com.updownteam.businessww.MainActivity" >
89-->src\main\AndroidManifest.xml:72:9-78:20
89-->src\main\AndroidManifest.xml:72:19-47
90            <intent-filter>
90-->src\main\AndroidManifest.xml:73:13-77:29
91                <action android:name="android.intent.action.MAIN" />
91-->src\main\AndroidManifest.xml:74:17-69
91-->src\main\AndroidManifest.xml:74:25-66
92
93                <category android:name="android.intent.category.LAUNCHER" />
93-->src\main\AndroidManifest.xml:76:17-77
93-->src\main\AndroidManifest.xml:76:27-74
94            </intent-filter>
95        </activity>
96
97        <provider
97-->[com.squareup.picasso:picasso:2.71828] AndroidManifest.xml:8:9-11:40
98            android:name="com.squareup.picasso.PicassoProvider"
98-->[com.squareup.picasso:picasso:2.71828] AndroidManifest.xml:9:13-64
99            android:authorities="com.updownteam.businessww.com.squareup.picasso"
99-->[com.squareup.picasso:picasso:2.71828] AndroidManifest.xml:10:13-72
100            android:exported="false" />
100-->[com.squareup.picasso:picasso:2.71828] AndroidManifest.xml:11:13-37
101
102        <activity
102-->[com.google.firebase:firebase-auth:19.3.0] AndroidManifest.xml:24:9-31:50
103            android:name="com.google.firebase.auth.internal.FederatedSignInActivity"
103-->[com.google.firebase:firebase-auth:19.3.0] AndroidManifest.xml:25:13-85
104            android:excludeFromRecents="true"
104-->[com.google.firebase:firebase-auth:19.3.0] AndroidManifest.xml:26:13-46
105            android:exported="true"
105-->[com.google.firebase:firebase-auth:19.3.0] AndroidManifest.xml:27:13-36
106            android:launchMode="singleTask"
106-->[com.google.firebase:firebase-auth:19.3.0] AndroidManifest.xml:28:13-44
107            android:permission="com.google.firebase.auth.api.gms.permission.LAUNCH_FEDERATED_SIGN_IN"
107-->[com.google.firebase:firebase-auth:19.3.0] AndroidManifest.xml:29:13-102
108            android:theme="@android:style/Theme.Translucent.NoTitleBar" />
108-->[com.google.firebase:firebase-auth:19.3.0] AndroidManifest.xml:30:13-72
109
110        <service
110-->[com.google.firebase:firebase-auth:19.3.0] AndroidManifest.xml:33:9-39:19
111            android:name="com.google.firebase.components.ComponentDiscoveryService"
111-->[com.google.firebase:firebase-auth:19.3.0] AndroidManifest.xml:34:13-84
112            android:directBootAware="true"
112-->[com.google.firebase:firebase-common:19.3.0] AndroidManifest.xml:34:13-43
113            android:exported="false" >
113-->[com.google.firebase:firebase-auth:19.3.0] AndroidManifest.xml:35:13-37
114            <meta-data
114-->[com.google.firebase:firebase-auth:19.3.0] AndroidManifest.xml:36:13-38:85
115                android:name="com.google.firebase.components:com.google.firebase.auth.FirebaseAuthRegistrar"
115-->[com.google.firebase:firebase-auth:19.3.0] AndroidManifest.xml:37:17-109
116                android:value="com.google.firebase.components.ComponentRegistrar" />
116-->[com.google.firebase:firebase-auth:19.3.0] AndroidManifest.xml:38:17-82
117            <meta-data
117-->[com.google.firebase:firebase-database:19.2.1] AndroidManifest.xml:32:13-34:85
118                android:name="com.google.firebase.components:com.google.firebase.database.DatabaseRegistrar"
118-->[com.google.firebase:firebase-database:19.2.1] AndroidManifest.xml:33:17-109
119                android:value="com.google.firebase.components.ComponentRegistrar" />
119-->[com.google.firebase:firebase-database:19.2.1] AndroidManifest.xml:34:17-82
120            <meta-data
120-->[com.google.firebase:firebase-storage:19.1.1] AndroidManifest.xml:33:13-35:85
121                android:name="com.google.firebase.components:com.google.firebase.storage.StorageRegistrar"
121-->[com.google.firebase:firebase-storage:19.1.1] AndroidManifest.xml:34:17-107
122                android:value="com.google.firebase.components.ComponentRegistrar" />
122-->[com.google.firebase:firebase-storage:19.1.1] AndroidManifest.xml:35:17-82
123            <meta-data
123-->[com.google.android.gms:play-services-measurement-api:17.1.0] AndroidManifest.xml:30:13-32:85
124                android:name="com.google.firebase.components:com.google.firebase.analytics.connector.internal.AnalyticsConnectorRegistrar"
124-->[com.google.android.gms:play-services-measurement-api:17.1.0] AndroidManifest.xml:31:17-139
125                android:value="com.google.firebase.components.ComponentRegistrar" />
125-->[com.google.android.gms:play-services-measurement-api:17.1.0] AndroidManifest.xml:32:17-82
126            <meta-data
126-->[com.google.firebase:firebase-iid:19.0.0] AndroidManifest.xml:32:13-34:85
127                android:name="com.google.firebase.components:com.google.firebase.iid.Registrar"
127-->[com.google.firebase:firebase-iid:19.0.0] AndroidManifest.xml:33:17-96
128                android:value="com.google.firebase.components.ComponentRegistrar" />
128-->[com.google.firebase:firebase-iid:19.0.0] AndroidManifest.xml:34:17-82
129        </service> <!-- The activities will be merged into the manifest of the hosting app. -->
130        <activity
130-->[com.google.android.play:core:1.7.0] AndroidManifest.xml:8:5-271
131            android:name="com.google.android.play.core.missingsplits.PlayCoreMissingSplitsActivity"
131-->[com.google.android.play:core:1.7.0] AndroidManifest.xml:8:15-102
132            android:enabled="false"
132-->[com.google.android.play:core:1.7.0] AndroidManifest.xml:8:103-126
133            android:exported="false"
133-->[com.google.android.play:core:1.7.0] AndroidManifest.xml:8:127-151
134            android:launchMode="singleInstance"
134-->[com.google.android.play:core:1.7.0] AndroidManifest.xml:8:204-239
135            android:process=":playcore_missing_splits_activity"
135-->[com.google.android.play:core:1.7.0] AndroidManifest.xml:8:152-203
136            android:stateNotNeeded="true" />
136-->[com.google.android.play:core:1.7.0] AndroidManifest.xml:8:240-269
137        <activity
137-->[com.google.android.play:core:1.7.0] AndroidManifest.xml:9:5-278
138            android:name="com.google.android.play.core.common.PlayCoreDialogWrapperActivity"
138-->[com.google.android.play:core:1.7.0] AndroidManifest.xml:9:15-95
139            android:enabled="false"
139-->[com.google.android.play:core:1.7.0] AndroidManifest.xml:9:96-119
140            android:exported="false"
140-->[com.google.android.play:core:1.7.0] AndroidManifest.xml:9:120-144
141            android:process=":playcore_dialog_wrapper_activity"
141-->[com.google.android.play:core:1.7.0] AndroidManifest.xml:9:175-226
142            android:stateNotNeeded="true"
142-->[com.google.android.play:core:1.7.0] AndroidManifest.xml:9:145-174
143            android:theme="@style/Theme.PlayCore.Transparent" /> <!-- The service will be merged into the manifest of the hosting app. -->
143-->[com.google.android.play:core:1.7.0] AndroidManifest.xml:9:227-276
144        <service
144-->[com.google.android.play:core:1.7.0] AndroidManifest.xml:12:5-145
145            android:name="com.google.android.play.core.assetpacks.AssetPackExtractionService"
145-->[com.google.android.play:core:1.7.0] AndroidManifest.xml:12:14-95
146            android:enabled="false"
146-->[com.google.android.play:core:1.7.0] AndroidManifest.xml:12:96-119
147            android:exported="true" />
147-->[com.google.android.play:core:1.7.0] AndroidManifest.xml:12:120-143
148
149        <receiver
149-->[com.google.android.gms:play-services-measurement:17.1.0] AndroidManifest.xml:29:9-33:20
150            android:name="com.google.android.gms.measurement.AppMeasurementReceiver"
150-->[com.google.android.gms:play-services-measurement:17.1.0] AndroidManifest.xml:30:13-85
151            android:enabled="true"
151-->[com.google.android.gms:play-services-measurement:17.1.0] AndroidManifest.xml:31:13-35
152            android:exported="false" >
152-->[com.google.android.gms:play-services-measurement:17.1.0] AndroidManifest.xml:32:13-37
153        </receiver>
154        <receiver
154-->[com.google.android.gms:play-services-measurement:17.1.0] AndroidManifest.xml:34:9-42:20
155            android:name="com.google.android.gms.measurement.AppMeasurementInstallReferrerReceiver"
155-->[com.google.android.gms:play-services-measurement:17.1.0] AndroidManifest.xml:35:13-100
156            android:enabled="true"
156-->[com.google.android.gms:play-services-measurement:17.1.0] AndroidManifest.xml:36:13-35
157            android:exported="true"
157-->[com.google.android.gms:play-services-measurement:17.1.0] AndroidManifest.xml:37:13-36
158            android:permission="android.permission.INSTALL_PACKAGES" >
158-->[com.google.android.gms:play-services-measurement:17.1.0] AndroidManifest.xml:38:13-69
159            <intent-filter>
159-->[com.google.android.gms:play-services-measurement:17.1.0] AndroidManifest.xml:39:13-41:29
160                <action android:name="com.android.vending.INSTALL_REFERRER" />
160-->[com.google.android.gms:play-services-measurement:17.1.0] AndroidManifest.xml:40:17-79
160-->[com.google.android.gms:play-services-measurement:17.1.0] AndroidManifest.xml:40:25-76
161            </intent-filter>
162        </receiver>
163
164        <service
164-->[com.google.android.gms:play-services-measurement:17.1.0] AndroidManifest.xml:44:9-47:40
165            android:name="com.google.android.gms.measurement.AppMeasurementService"
165-->[com.google.android.gms:play-services-measurement:17.1.0] AndroidManifest.xml:45:13-84
166            android:enabled="true"
166-->[com.google.android.gms:play-services-measurement:17.1.0] AndroidManifest.xml:46:13-35
167            android:exported="false" />
167-->[com.google.android.gms:play-services-measurement:17.1.0] AndroidManifest.xml:47:13-37
168        <service
168-->[com.google.android.gms:play-services-measurement:17.1.0] AndroidManifest.xml:48:9-52:72
169            android:name="com.google.android.gms.measurement.AppMeasurementJobService"
169-->[com.google.android.gms:play-services-measurement:17.1.0] AndroidManifest.xml:49:13-87
170            android:enabled="true"
170-->[com.google.android.gms:play-services-measurement:17.1.0] AndroidManifest.xml:50:13-35
171            android:exported="false"
171-->[com.google.android.gms:play-services-measurement:17.1.0] AndroidManifest.xml:51:13-37
172            android:permission="android.permission.BIND_JOB_SERVICE" /> <!-- Include the AdActivity and InAppPurchaseActivity configChanges and themes. -->
172-->[com.google.android.gms:play-services-measurement:17.1.0] AndroidManifest.xml:52:13-69
173        <activity
173-->[com.google.android.gms:play-services-ads-lite:19.0.0] AndroidManifest.xml:29:9-33:64
174            android:name="com.google.android.gms.ads.AdActivity"
174-->[com.google.android.gms:play-services-ads-lite:19.0.0] AndroidManifest.xml:30:13-65
175            android:configChanges="keyboard|keyboardHidden|orientation|screenLayout|uiMode|screenSize|smallestScreenSize"
175-->[com.google.android.gms:play-services-ads-lite:19.0.0] AndroidManifest.xml:31:13-122
176            android:exported="false"
176-->[com.google.android.gms:play-services-ads-lite:19.0.0] AndroidManifest.xml:32:13-37
177            android:theme="@android:style/Theme.Translucent" />
177-->[com.google.android.gms:play-services-ads-lite:19.0.0] AndroidManifest.xml:33:13-61
178
179        <provider
179-->[com.google.android.gms:play-services-ads-lite:19.0.0] AndroidManifest.xml:35:9-39:39
180            android:name="com.google.android.gms.ads.MobileAdsInitProvider"
180-->[com.google.android.gms:play-services-ads-lite:19.0.0] AndroidManifest.xml:36:13-76
181            android:authorities="com.updownteam.businessww.mobileadsinitprovider"
181-->[com.google.android.gms:play-services-ads-lite:19.0.0] AndroidManifest.xml:37:13-73
182            android:exported="false"
182-->[com.google.android.gms:play-services-ads-lite:19.0.0] AndroidManifest.xml:38:13-37
183            android:initOrder="100" /> <!-- Needs to be explicitly declared on P+ -->
183-->[com.google.android.gms:play-services-ads-lite:19.0.0] AndroidManifest.xml:39:13-36
184        <uses-library
184-->[com.google.android.gms:play-services-maps:17.0.0] AndroidManifest.xml:33:9-35:40
185            android:name="org.apache.http.legacy"
185-->[com.google.android.gms:play-services-maps:17.0.0] AndroidManifest.xml:34:13-50
186            android:required="false" />
186-->[com.google.android.gms:play-services-maps:17.0.0] AndroidManifest.xml:35:13-37
187
188        <receiver
188-->[com.google.firebase:firebase-iid:19.0.0] AndroidManifest.xml:37:9-44:20
189            android:name="com.google.firebase.iid.FirebaseInstanceIdReceiver"
189-->[com.google.firebase:firebase-iid:19.0.0] AndroidManifest.xml:38:13-78
190            android:exported="true"
190-->[com.google.firebase:firebase-iid:19.0.0] AndroidManifest.xml:39:13-36
191            android:permission="com.google.android.c2dm.permission.SEND" >
191-->[com.google.firebase:firebase-iid:19.0.0] AndroidManifest.xml:40:13-73
192            <intent-filter>
192-->[com.google.firebase:firebase-iid:19.0.0] AndroidManifest.xml:41:13-43:29
193                <action android:name="com.google.android.c2dm.intent.RECEIVE" />
193-->[com.google.firebase:firebase-iid:19.0.0] AndroidManifest.xml:42:17-81
193-->[com.google.firebase:firebase-iid:19.0.0] AndroidManifest.xml:42:25-78
194            </intent-filter>
195        </receiver>
196
197        <activity
197-->[com.google.android.gms:play-services-base:17.1.0] AndroidManifest.xml:23:9-26:75
198            android:name="com.google.android.gms.common.api.GoogleApiActivity"
198-->[com.google.android.gms:play-services-base:17.1.0] AndroidManifest.xml:24:13-79
199            android:exported="false"
199-->[com.google.android.gms:play-services-base:17.1.0] AndroidManifest.xml:25:13-37
200            android:theme="@android:style/Theme.Translucent.NoTitleBar" />
200-->[com.google.android.gms:play-services-base:17.1.0] AndroidManifest.xml:26:13-72
201
202        <provider
202-->[com.google.firebase:firebase-common:19.3.0] AndroidManifest.xml:26:9-30:39
203            android:name="com.google.firebase.provider.FirebaseInitProvider"
203-->[com.google.firebase:firebase-common:19.3.0] AndroidManifest.xml:27:13-77
204            android:authorities="com.updownteam.businessww.firebaseinitprovider"
204-->[com.google.firebase:firebase-common:19.3.0] AndroidManifest.xml:28:13-72
205            android:exported="false"
205-->[com.google.firebase:firebase-common:19.3.0] AndroidManifest.xml:29:13-37
206            android:initOrder="100" />
206-->[com.google.firebase:firebase-common:19.3.0] AndroidManifest.xml:30:13-36
207
208        <meta-data
208-->[com.google.android.gms:play-services-basement:17.0.0] AndroidManifest.xml:23:9-25:69
209            android:name="com.google.android.gms.version"
209-->[com.google.android.gms:play-services-basement:17.0.0] AndroidManifest.xml:24:13-58
210            android:value="@integer/google_play_services_version" />
210-->[com.google.android.gms:play-services-basement:17.0.0] AndroidManifest.xml:25:13-66
211    </application>
212
213</manifest>